[01m[K/home/paolo/light_sensor_plugin/src/light_sensor_custom/src/LightSensor.cc:[m[K In member function â€˜[01m[Kvirtual void custom_light_sensor::LightSensor::PostUpdate(const ignition::gazebo::v6::UpdateInfo&, const ignition::gazebo::v6::EntityComponentManager&)[m[Kâ€™:
[01m[K/home/paolo/light_sensor_plugin/src/light_sensor_custom/src/LightSensor.cc:77:62:[m[K [01;31m[Kerror: [m[Kinvalid initialization of reference of type â€˜[01m[Kconst Entity&[m[Kâ€™ {aka â€˜[01m[Kconst long unsigned int&[m[Kâ€™} from expression of type â€˜[01m[Kconst ignition::gazebo::v6::EntityComponentManager[m[Kâ€™
   77 |                                 ignition::gazebo::scopedName([01;31m[K_ecm[m[K, "::", false), "::");
      |                                                              [01;31m[K^~~~[m[K
In file included from [01m[K/usr/include/ignition/gazebo6/gz/gazebo.hh:167[m[K,
                 from [01m[K/usr/include/ignition/gazebo6/gz/sim.hh:27[m[K,
                 from [01m[K/usr/include/ignition/gazebo6/ignition/gazebo.hh:18[m[K,
                 from [01m[K/home/paolo/light_sensor_plugin/src/light_sensor_custom/src/LightSensor.cc:4[m[K:
[01m[K/usr/include/ignition/gazebo6/gz/sim/Util.hh:53:66:[m[K [01;36m[Knote: [m[Kin passing argument 1 of â€˜[01m[Kstd::string ignition::gazebo::v6::scopedName(const Entity&, const ignition::gazebo::v6::EntityComponentManager&, const string&, bool)[m[Kâ€™
   53 |     std::string IGNITION_GAZEBO_VISIBLE scopedName([01;36m[Kconst Entity &_entity[m[K,
      |                                                    [01;36m[K~~~~~~~~~~~~~~^~~~~~~[m[K
[01m[K/home/paolo/light_sensor_plugin/src/light_sensor_custom/src/LightSensor.cc:[m[K At global scope:
[01m[K/home/paolo/light_sensor_plugin/src/light_sensor_custom/src/LightSensor.cc:90:40:[m[K [01;31m[Kerror: [m[Kexpected constructor, destructor, or type conversion at end of input
   90 |         LightSensor::ISystemPostUpdate)
      |                                        [01;31m[K^[m[K
gmake[2]: *** [CMakeFiles/LightSensor.dir/build.make:76: CMakeFiles/LightSensor.dir/src/LightSensor.cc.o] Error 1
gmake[1]: *** [CMakeFiles/Makefile2:137: CMakeFiles/LightSensor.dir/all] Error 2
gmake: *** [Makefile:146: all] Error 2
