[0.112s] Invoking command in '/home/paolo/light_sensor_plugin/build/light_sensor': CMAKE_PREFIX_PATH=${CMAKE_PREFIX_PATH}:/home/paolo/turtlebot4_controller_ws/install/turtlebot4_controller:/opt/ros/humble /usr/bin/cmake --build /home/paolo/light_sensor_plugin/build/light_sensor -- -j8 -l8
[0.170s] [35m[1mConsolidate compiler generated dependencies of target LightSensor[0m
[0.202s] [ 50%] [32mBuilding CXX object CMakeFiles/LightSensor.dir/src/LightSensor.cc.o[0m
[6.841s] In file included from [01m[K/usr/include/ignition/plugin1/gz/plugin/Register.hh:22[m[K,
[6.841s]                  from [01m[K/usr/include/ignition/plugin1/ignition/plugin/Register.hh:18[m[K,
[6.841s]                  from [01m[K/home/paolo/light_sensor_plugin/src/light_sensor_custom/src/LightSensor.cc:9[m[K:
[6.841s] [01m[K/home/paolo/light_sensor_plugin/src/light_sensor_custom/src/LightSensor.cc:[m[K In constructor â€˜[01m[Kignition::plugin::{anonymous}::ExecuteWhenLoadingLibrary0::ExecuteWhenLoadingLibrary0()[m[Kâ€™:
[6.841s] [01m[K/home/paolo/light_sensor_plugin/src/light_sensor_custom/src/LightSensor.cc:124:18:[m[K [01;31m[Kerror: [m[Kinvalid use of non-static member function â€˜[01m[Kvirtual void custom_light_sensor::LightSensor::ISystemConfigure(const Entity&, const std::shared_ptr<const sdf::v12::Element>&, ignition::gazebo::v6::EntityComponentManager&, ignition::gazebo::v6::EventManager&, const std::shared_ptr<const sdf::v12::Element>&)[m[Kâ€™
[6.841s]   124 |     LightSensor::[01;31m[KISystemConfigure[m[K,
[6.841s]       |                  [01;31m[K^~~~~~~~~~~~~~~~[m[K
[6.841s] [01m[K/home/paolo/light_sensor_plugin/src/light_sensor_custom/src/LightSensor.cc:121:1:[m[K [01;31m[Kerror: [m[Ktemplate argument 3 is invalid
[6.842s]   121 | [01;31m[KIGNITION_ADD_PLUGIN[m[K(
[6.842s]       | [01;31m[K^~~~~~~~~~~~~~~~~~~[m[K
[10.566s] gmake[2]: *** [CMakeFiles/LightSensor.dir/build.make:76: CMakeFiles/LightSensor.dir/src/LightSensor.cc.o] Error 1
[10.567s] gmake[1]: *** [CMakeFiles/Makefile2:137: CMakeFiles/LightSensor.dir/all] Error 2
[10.567s] gmake: *** [Makefile:146: all] Error 2
[10.569s] Invoked command in '/home/paolo/light_sensor_plugin/build/light_sensor' returned '2': CMAKE_PREFIX_PATH=${CMAKE_PREFIX_PATH}:/home/paolo/turtlebot4_controller_ws/install/turtlebot4_controller:/opt/ros/humble /usr/bin/cmake --build /home/paolo/light_sensor_plugin/build/light_sensor -- -j8 -l8
