[01m[K/home/paolo/light_sensor_plugin/src/light_sensor_custom/src/LightSensor.cc:[m[K In member function â€˜[01m[Kvirtual void custom_light_sensor::LightSensor::Configure(const Entity&, const std::shared_ptr<const sdf::v12::Element>&, ignition::gazebo::v6::EntityComponentManager&, ignition::gazebo::v6::EventManager&)[m[Kâ€™:
[01m[K/home/paolo/light_sensor_plugin/src/light_sensor_custom/src/LightSensor.cc:65:23:[m[K [01;31m[Kerror: [m[Kâ€˜[01m[Kclass custom_light_sensor::LightSensor[m[Kâ€™ has no member named â€˜[01m[Kentity[m[Kâ€™
   65 |                 this->[01;31m[Kentity[m[K = _entity;
      |                       [01;31m[K^~~~~~[m[K
[01m[K/home/paolo/light_sensor_plugin/src/light_sensor_custom/src/LightSensor.cc:66:23:[m[K [01;31m[Kerror: [m[Kâ€˜[01m[Kclass custom_light_sensor::LightSensor[m[Kâ€™ has no member named â€˜[01m[KmodelEntity[m[Kâ€™
   66 |                 this->[01;31m[KmodelEntity[m[K = _entity;
      |                       [01;31m[K^~~~~~~~~~~[m[K
[01m[K/home/paolo/light_sensor_plugin/src/light_sensor_custom/src/LightSensor.cc:70:31:[m[K [01;31m[Kerror: [m[Kâ€˜[01m[Kclass custom_light_sensor::LightSensor[m[Kâ€™ has no member named â€˜[01m[KmodelEntity[m[Kâ€™
   70 |                         this->[01;31m[KmodelEntity[m[K = parent->Data();
      |                               [01;31m[K^~~~~~~~~~~[m[K
[01m[K/home/paolo/light_sensor_plugin/src/light_sensor_custom/src/LightSensor.cc:[m[K In member function â€˜[01m[Kvirtual void custom_light_sensor::LightSensor::PostUpdate(const ignition::gazebo::v6::UpdateInfo&, const ignition::gazebo::v6::EntityComponentManager&)[m[Kâ€™:
[01m[K/home/paolo/light_sensor_plugin/src/light_sensor_custom/src/LightSensor.cc:105:90:[m[K [01;31m[Kerror: [m[Kâ€˜[01m[Kclass custom_light_sensor::LightSensor[m[Kâ€™ has no member named â€˜[01m[KmodelEntity[m[Kâ€™
  105 |    _ecm.Component<ignition::gazebo::components::Pose>(this->[01;31m[KmodelEntity[m[K);
      |                                                             [01;31m[K^~~~~~~~~~~[m[K

gmake[2]: *** [CMakeFiles/LightSensor.dir/build.make:76: CMakeFiles/LightSensor.dir/src/LightSensor.cc.o] Error 1
gmake[1]: *** [CMakeFiles/Makefile2:137: CMakeFiles/LightSensor.dir/all] Error 2
gmake: *** [Makefile:146: all] Error 2
