[0.114s] Invoking command in '/home/paolo/light_sensor_plugin/build/light_sensor': CMAKE_PREFIX_PATH=${CMAKE_PREFIX_PATH}:/home/paolo/turtlebot4_controller_ws/install/turtlebot4_controller:/opt/ros/humble /usr/bin/cmake --build /home/paolo/light_sensor_plugin/build/light_sensor -- -j8 -l8
[0.166s] [35m[1mConsolidate compiler generated dependencies of target LightSensor[0m
[0.200s] [ 50%] [32mBuilding CXX object CMakeFiles/LightSensor.dir/src/LightSensor.cc.o[0m
[4.125s] [01m[K/home/paolo/light_sensor_plugin/src/light_sensor_custom/src/LightSensor.cc:[m[K In member function â€˜[01m[Kvirtual void custom_light_sensor::LightSensor::Configure(const Entity&, const std::shared_ptr<const sdf::v12::Element>&, ignition::gazebo::v6::EntityComponentManager&, ignition::gazebo::v6::EventManager&)[m[Kâ€™:
[4.126s] [01m[K/home/paolo/light_sensor_plugin/src/light_sensor_custom/src/LightSensor.cc:65:23:[m[K [01;31m[Kerror: [m[Kâ€˜[01m[Kclass custom_light_sensor::LightSensor[m[Kâ€™ has no member named â€˜[01m[Kentity[m[Kâ€™
[4.126s]    65 |                 this->[01;31m[Kentity[m[K = _entity;
[4.126s]       |                       [01;31m[K^~~~~~[m[K
[4.126s] [01m[K/home/paolo/light_sensor_plugin/src/light_sensor_custom/src/LightSensor.cc:66:23:[m[K [01;31m[Kerror: [m[Kâ€˜[01m[Kclass custom_light_sensor::LightSensor[m[Kâ€™ has no member named â€˜[01m[KmodelEntity[m[Kâ€™
[4.126s]    66 |                 this->[01;31m[KmodelEntity[m[K = _entity;
[4.126s]       |                       [01;31m[K^~~~~~~~~~~[m[K
[4.126s] [01m[K/home/paolo/light_sensor_plugin/src/light_sensor_custom/src/LightSensor.cc:70:31:[m[K [01;31m[Kerror: [m[Kâ€˜[01m[Kclass custom_light_sensor::LightSensor[m[Kâ€™ has no member named â€˜[01m[KmodelEntity[m[Kâ€™
[4.126s]    70 |                         this->[01;31m[KmodelEntity[m[K = parent->Data();
[4.126s]       |                               [01;31m[K^~~~~~~~~~~[m[K
[4.128s] [01m[K/home/paolo/light_sensor_plugin/src/light_sensor_custom/src/LightSensor.cc:[m[K In member function â€˜[01m[Kvirtual void custom_light_sensor::LightSensor::PostUpdate(const ignition::gazebo::v6::UpdateInfo&, const ignition::gazebo::v6::EntityComponentManager&)[m[Kâ€™:
[4.128s] [01m[K/home/paolo/light_sensor_plugin/src/light_sensor_custom/src/LightSensor.cc:105:90:[m[K [01;31m[Kerror: [m[Kâ€˜[01m[Kclass custom_light_sensor::LightSensor[m[Kâ€™ has no member named â€˜[01m[KmodelEntity[m[Kâ€™
[4.128s]   105 |    _ecm.Component<ignition::gazebo::components::Pose>(this->[01;31m[KmodelEntity[m[K);
[4.128s]       |                                                             [01;31m[K^~~~~~~~~~~[m[K
[4.128s] 
[7.824s] gmake[2]: *** [CMakeFiles/LightSensor.dir/build.make:76: CMakeFiles/LightSensor.dir/src/LightSensor.cc.o] Error 1
[7.825s] gmake[1]: *** [CMakeFiles/Makefile2:137: CMakeFiles/LightSensor.dir/all] Error 2
[7.825s] gmake: *** [Makefile:146: all] Error 2
[7.828s] Invoked command in '/home/paolo/light_sensor_plugin/build/light_sensor' returned '2': CMAKE_PREFIX_PATH=${CMAKE_PREFIX_PATH}:/home/paolo/turtlebot4_controller_ws/install/turtlebot4_controller:/opt/ros/humble /usr/bin/cmake --build /home/paolo/light_sensor_plugin/build/light_sensor -- -j8 -l8
