[0.105s] Invoking command in '/home/paolo/light_sensor_plugin/build/light_sensor': CMAKE_PREFIX_PATH=${CMAKE_PREFIX_PATH}:/home/paolo/turtlebot4_controller_ws/install/turtlebot4_controller:/opt/ros/humble /usr/bin/cmake --build /home/paolo/light_sensor_plugin/build/light_sensor -- -j8 -l8
[0.149s] [35m[1mConsolidate compiler generated dependencies of target LightSensor[0m
[0.170s] [ 50%] [32mBuilding CXX object CMakeFiles/LightSensor.dir/src/LightSensor.cc.o[0m
[3.700s] [01m[K/home/paolo/light_sensor_plugin/src/light_sensor_custom/src/LightSensor.cc:[m[K In member function â€˜[01m[Kvirtual void custom_light_sensor::LightSensor::Configure(const Entity&, const std::shared_ptr<const sdf::v12::Element>&, ignition::gazebo::v6::EntityComponentManager&, ignition::gazebo::v6::EventManager&)[m[Kâ€™:
[3.701s] [01m[K/home/paolo/light_sensor_plugin/src/light_sensor_custom/src/LightSensor.cc:36:52:[m[K [01;31m[Kerror: [m[Kno matching function for call to â€˜[01m[Ksdf::v12::Element::Get(const char [6])[m[Kâ€™
[3.701s]    36 | lementPtr lightSdf = [01;31m[Ksdf->Get("light")[m[K;
[3.701s]       |                      [01;31m[K~~~~~~~~^~~~~~~~~[m[K
[3.701s] 
[3.701s] In file included from [01m[K/usr/include/ignition/sdformat12/sdf/Model.hh:26[m[K,
[3.701s]                  from [01m[K/usr/include/ignition/gazebo6/gz/sim/components/Model.hh:22[m[K,
[3.701s]                  from [01m[K/usr/include/ignition/gazebo6/ignition/gazebo/components/Model.hh:18[m[K,
[3.701s]                  from [01m[K/home/paolo/light_sensor_plugin/src/light_sensor_custom/src/LightSensor.cc:4[m[K:
[3.701s] [01m[K/usr/include/ignition/sdformat12/sdf/Element.hh:319:15:[m[K [01;36m[Knote: [m[Kcandidate: â€˜[01m[Ktemplate<class T> T sdf::v12::Element::Get(const string&) const[m[Kâ€™
[3.701s]   319 |             T [01;36m[KGet[m[K(const std::string &_key = "") const;
[3.702s]       |               [01;36m[K^~~[m[K
[3.702s] [01m[K/usr/include/ignition/sdformat12/sdf/Element.hh:319:15:[m[K [01;36m[Knote: [m[K  template argument deduction/substitution failed:
[3.702s] [01m[K/home/paolo/light_sensor_plugin/src/light_sensor_custom/src/LightSensor.cc:36:52:[m[K [01;36m[Knote: [m[K  couldnâ€™t deduce template parameter â€˜[01m[KT[m[Kâ€™
[3.702s]    36 | lementPtr lightSdf = [01;36m[Ksdf->Get("light")[m[K;
[3.702s]       |                      [01;36m[K~~~~~~~~^~~~~~~~~[m[K
[3.702s] 
[3.702s] In file included from [01m[K/usr/include/ignition/sdformat12/sdf/Model.hh:26[m[K,
[3.702s]                  from [01m[K/usr/include/ignition/gazebo6/gz/sim/components/Model.hh:22[m[K,
[3.702s]                  from [01m[K/usr/include/ignition/gazebo6/ignition/gazebo/components/Model.hh:18[m[K,
[3.702s]                  from [01m[K/home/paolo/light_sensor_plugin/src/light_sensor_custom/src/LightSensor.cc:4[m[K:
[3.703s] [01m[K/usr/include/ignition/sdformat12/sdf/Element.hh:722:22:[m[K [01;36m[Knote: [m[Kcandidate: â€˜[01m[Ktemplate<class T> std::pair<T, bool> sdf::v12::Element::Get(const string&, const T&) const[m[Kâ€™
[3.703s]   722 |   std::pair<T, bool> [01;36m[KElement[m[K::Get(const std::string &_key,
[3.703s]       |                      [01;36m[K^~~~~~~[m[K
[3.703s] [01m[K/usr/include/ignition/sdformat12/sdf/Element.hh:722:22:[m[K [01;36m[Knote: [m[K  template argument deduction/substitution failed:
[3.703s] [01m[K/home/paolo/light_sensor_plugin/src/light_sensor_custom/src/LightSensor.cc:36:52:[m[K [01;36m[Knote: [m[K  candidate expects 2 arguments, 1 provided
[3.703s]    36 | lementPtr lightSdf = [01;36m[Ksdf->Get("light")[m[K;
[3.703s]       |                      [01;36m[K~~~~~~~~^~~~~~~~~[m[K
[3.703s] 
[3.703s] In file included from [01m[K/usr/include/ignition/sdformat12/sdf/Model.hh:26[m[K,
[3.703s]                  from [01m[K/usr/include/ignition/gazebo6/gz/sim/components/Model.hh:22[m[K,
[3.703s]                  from [01m[K/usr/include/ignition/gazebo6/ignition/gazebo/components/Model.hh:18[m[K,
[3.703s]                  from [01m[K/home/paolo/light_sensor_plugin/src/light_sensor_custom/src/LightSensor.cc:4[m[K:
[3.704s] [01m[K/usr/include/ignition/sdformat12/sdf/Element.hh:338:18:[m[K [01;36m[Knote: [m[Kcandidate: â€˜[01m[Ktemplate<class T> bool sdf::v12::Element::Get(const string&, T&, const T&) const[m[Kâ€™
[3.704s]   338 |             bool [01;36m[KGet[m[K(const std::string &_key,
[3.704s]       |                  [01;36m[K^~~[m[K
[3.704s] [01m[K/usr/include/ignition/sdformat12/sdf/Element.hh:338:18:[m[K [01;36m[Knote: [m[K  template argument deduction/substitution failed:
[3.704s] [01m[K/home/paolo/light_sensor_plugin/src/light_sensor_custom/src/LightSensor.cc:36:52:[m[K [01;36m[Knote: [m[K  candidate expects 3 arguments, 1 provided
[3.704s]    36 | lementPtr lightSdf = [01;36m[Ksdf->Get("light")[m[K;
[3.704s]       |                      [01;36m[K~~~~~~~~^~~~~~~~~[m[K
[3.704s] 
[4.946s] gmake[2]: *** [CMakeFiles/LightSensor.dir/build.make:76: CMakeFiles/LightSensor.dir/src/LightSensor.cc.o] Error 1
[4.946s] gmake[1]: *** [CMakeFiles/Makefile2:137: CMakeFiles/LightSensor.dir/all] Error 2
[4.946s] gmake: *** [Makefile:146: all] Error 2
[4.949s] Invoked command in '/home/paolo/light_sensor_plugin/build/light_sensor' returned '2': CMAKE_PREFIX_PATH=${CMAKE_PREFIX_PATH}:/home/paolo/turtlebot4_controller_ws/install/turtlebot4_controller:/opt/ros/humble /usr/bin/cmake --build /home/paolo/light_sensor_plugin/build/light_sensor -- -j8 -l8
