[0.106s] Invoking command in '/home/paolo/light_sensor_plugin/build/light_sensor': CMAKE_PREFIX_PATH=${CMAKE_PREFIX_PATH}:/home/paolo/turtlebot4_controller_ws/install/turtlebot4_controller:/opt/ros/humble /usr/bin/cmake --build /home/paolo/light_sensor_plugin/build/light_sensor -- -j8 -l8
[0.155s] [35m[1mConsolidate compiler generated dependencies of target LightSensor[0m
[0.186s] [ 50%] [32mBuilding CXX object CMakeFiles/LightSensor.dir/src/LightSensor.cc.o[0m
[6.639s] [01m[K/home/paolo/light_sensor_plugin/src/light_sensor_custom/src/LightSensor.cc:[m[K In member function â€˜[01m[Kvirtual void custom_light_sensor::LightSensor::Configure(const Entity&, const std::shared_ptr<const sdf::v12::Element>&, ignition::gazebo::v6::EntityComponentManager&, ignition::gazebo::v6::EventManager&)[m[Kâ€™:
[6.639s] [01m[K/home/paolo/light_sensor_plugin/src/light_sensor_custom/src/LightSensor.cc:38:76:[m[K [01;31m[Kerror: [m[Kâ€˜[01m[KData[m[Kâ€™ in â€˜[01m[Kusing Light = class ignition::gazebo::v6::components::Component<sdf::v12::Light, ignition::gazebo::v6::components::LightTag, ignition::gazebo::v6::serializers::ComponentToMsgSerializer<sdf::v12::Light, ignition::msgs::Light> >[m[Kâ€™ {aka â€˜[01m[Kclass ignition::gazebo::v6::components::Component<sdf::v12::Light, ignition::gazebo::v6::components::LightTag, ignition::gazebo::v6::serializers::ComponentToMsgSerializer<sdf::v12::Light, ignition::msgs::Light> >[m[Kâ€™} does not name a type
[6.639s]    38 |                                 const ignition::gazebo::components::Light::[01;31m[KData[m[K *,
[6.639s]       |                                                                            [01;31m[K^~~~[m[K
[6.639s] [01m[K/home/paolo/light_sensor_plugin/src/light_sensor_custom/src/LightSensor.cc:[m[K In lambda function:
[6.639s] [01m[K/home/paolo/light_sensor_plugin/src/light_sensor_custom/src/LightSensor.cc:46:19:[m[K [01;31m[Kerror: [m[Kexpected â€˜[01m[K{[m[Kâ€™ before â€˜[01m[K;[m[Kâ€™ token
[6.639s]    46 |                 })[01;31m[K;[m[K
[6.639s]       |                   [01;31m[K^[m[K
[6.639s] [01m[K/home/paolo/light_sensor_plugin/src/light_sensor_custom/src/LightSensor.cc:[m[K In member function â€˜[01m[Kvirtual void custom_light_sensor::LightSensor::Configure(const Entity&, const std::shared_ptr<const sdf::v12::Element>&, ignition::gazebo::v6::EntityComponentManager&, ignition::gazebo::v6::EventManager&)[m[Kâ€™:
[6.640s] [01m[K/home/paolo/light_sensor_plugin/src/light_sensor_custom/src/LightSensor.cc:46:19:[m[K [01;31m[Kerror: [m[Kexpected â€˜[01m[K)[m[Kâ€™ before â€˜[01m[K;[m[Kâ€™ token
[6.640s]    46 |                 })[01;31m[K;[m[K
[6.640s]       |                   [01;31m[K^[m[K
[6.640s]       |                   [32m[K)[m[K
[6.640s] [01m[K/home/paolo/light_sensor_plugin/src/light_sensor_custom/src/LightSensor.cc:36:76:[m[K [01;36m[Knote: [m[Kto match this â€˜[01m[K([m[Kâ€™
[6.640s]    36 |                                         ignition::gazebo::components::Pose>[01;36m[K([m[K
[6.640s]       |                                                                            [01;36m[K^[m[K
[9.993s] gmake[2]: *** [CMakeFiles/LightSensor.dir/build.make:76: CMakeFiles/LightSensor.dir/src/LightSensor.cc.o] Error 1
[9.994s] gmake[1]: *** [CMakeFiles/Makefile2:137: CMakeFiles/LightSensor.dir/all] Error 2
[9.994s] gmake: *** [Makefile:146: all] Error 2
[9.996s] Invoked command in '/home/paolo/light_sensor_plugin/build/light_sensor' returned '2': CMAKE_PREFIX_PATH=${CMAKE_PREFIX_PATH}:/home/paolo/turtlebot4_controller_ws/install/turtlebot4_controller:/opt/ros/humble /usr/bin/cmake --build /home/paolo/light_sensor_plugin/build/light_sensor -- -j8 -l8
