[0.110s] Invoking command in '/home/paolo/light_sensor_plugin/build/light_sensor': CMAKE_PREFIX_PATH=${CMAKE_PREFIX_PATH}:/home/paolo/turtlebot4_controller_ws/install/turtlebot4_controller:/opt/ros/humble /usr/bin/cmake --build /home/paolo/light_sensor_plugin/build/light_sensor -- -j8 -l8
[0.158s] [35m[1mConsolidate compiler generated dependencies of target LightSensor[0m
[0.194s] [ 50%] [32mBuilding CXX object CMakeFiles/LightSensor.dir/src/LightSensor.cc.o[0m
[7.006s] [01m[K/home/paolo/light_sensor_plugin/src/light_sensor_custom/src/LightSensor.cc:31:6:[m[K [01;31m[Kerror: [m[Kno declaration matches â€˜[01m[Kvoid custom_light_sensor::LightSensor::Configure(const Entity&, const std::shared_ptr<const sdf::v12::Element>&, ignition::gazebo::v6::EntityComponentManager&, ignition::gazebo::v6::EventManager&, const std::shared_ptr<const sdf::v12::Light>&)[m[Kâ€™
[7.006s]    31 | void [01;31m[KLightSensor[m[K::Configure(const ignition::gazebo::Entity &_entity,
[7.006s]       |      [01;31m[K^~~~~~~~~~~[m[K
[7.006s] In file included from [01m[K/home/paolo/light_sensor_plugin/src/light_sensor_custom/src/LightSensor.cc:22[m[K:
[7.006s] [01m[K/home/paolo/light_sensor_plugin/src/light_sensor_custom/src/LightSensor.hh:26:22:[m[K [01;36m[Knote: [m[Kcandidate is: â€˜[01m[Kvirtual void custom_light_sensor::LightSensor::Configure(const Entity&, const std::shared_ptr<const sdf::v12::Element>&, ignition::gazebo::v6::EntityComponentManager&, ignition::gazebo::v6::EventManager&)[m[Kâ€™
[7.006s]    26 |         public: void [01;36m[KConfigure[m[K(
[7.006s]       |                      [01;36m[K^~~~~~~~~[m[K
[7.007s] [01m[K/home/paolo/light_sensor_plugin/src/light_sensor_custom/src/LightSensor.hh:13:11:[m[K [01;36m[Knote: [m[Kâ€˜[01m[Kclass custom_light_sensor::LightSensor[m[Kâ€™ defined here
[7.007s]    13 |     class [01;36m[KLightSensor[m[K:
[7.007s]       |           [01;36m[K^~~~~~~~~~~[m[K
[10.719s] gmake[2]: *** [CMakeFiles/LightSensor.dir/build.make:76: CMakeFiles/LightSensor.dir/src/LightSensor.cc.o] Error 1
[10.720s] gmake[1]: *** [CMakeFiles/Makefile2:137: CMakeFiles/LightSensor.dir/all] Error 2
[10.720s] gmake: *** [Makefile:146: all] Error 2
[10.723s] Invoked command in '/home/paolo/light_sensor_plugin/build/light_sensor' returned '2': CMAKE_PREFIX_PATH=${CMAKE_PREFIX_PATH}:/home/paolo/turtlebot4_controller_ws/install/turtlebot4_controller:/opt/ros/humble /usr/bin/cmake --build /home/paolo/light_sensor_plugin/build/light_sensor -- -j8 -l8
