[0.107s] Invoking command in '/home/paolo/light_sensor_plugin/build/light_sensor': CMAKE_PREFIX_PATH=${CMAKE_PREFIX_PATH}:/home/paolo/turtlebot4_controller_ws/install/turtlebot4_controller:/opt/ros/humble /usr/bin/cmake --build /home/paolo/light_sensor_plugin/build/light_sensor -- -j8 -l8
[0.158s] [35m[1mConsolidate compiler generated dependencies of target LightSensor[0m
[0.191s] [ 50%] [32mBuilding CXX object CMakeFiles/LightSensor.dir/src/LightSensor.cc.o[0m
[6.858s] [01m[K/home/paolo/light_sensor_plugin/src/light_sensor_custom/src/LightSensor.cc:[m[K In member function â€˜[01m[Kvirtual void custom_light_sensor::LightSensor::Configure(const Entity&, const std::shared_ptr<const sdf::v12::Element>&, ignition::gazebo::v6::EntityComponentManager&, ignition::gazebo::v6::EventManager&)[m[Kâ€™:
[6.858s] [01m[K/home/paolo/light_sensor_plugin/src/light_sensor_custom/src/LightSensor.cc:45:39:[m[K [01;31m[Kerror: [m[Kcannot convert â€˜[01m[Ksdf::v12::Element::GetAttributeCount[m[Kâ€™ from type â€˜[01m[Ksize_t (sdf::v12::Element::)() const[m[Kâ€™ {aka â€˜[01m[Klong unsigned int (sdf::v12::Element::)() const[m[Kâ€™} to type â€˜[01m[Klong unsigned int (sdf::v12::Element::*)() const[m[Kâ€™
[6.858s]    45 |                 auto sdfLight = _sdf->[01;31m[KGetAttributeCount[m[K;
[6.858s]       |                                       [01;31m[K^~~~~~~~~~~~~~~~~[m[K
[10.492s] gmake[2]: *** [CMakeFiles/LightSensor.dir/build.make:76: CMakeFiles/LightSensor.dir/src/LightSensor.cc.o] Error 1
[10.492s] gmake[1]: *** [CMakeFiles/Makefile2:137: CMakeFiles/LightSensor.dir/all] Error 2
[10.492s] gmake: *** [Makefile:146: all] Error 2
[10.495s] Invoked command in '/home/paolo/light_sensor_plugin/build/light_sensor' returned '2': CMAKE_PREFIX_PATH=${CMAKE_PREFIX_PATH}:/home/paolo/turtlebot4_controller_ws/install/turtlebot4_controller:/opt/ros/humble /usr/bin/cmake --build /home/paolo/light_sensor_plugin/build/light_sensor -- -j8 -l8
