[0.111s] Invoking command in '/home/paolo/light_sensor_plugin/build/light_sensor': CMAKE_PREFIX_PATH=${CMAKE_PREFIX_PATH}:/home/paolo/turtlebot4_controller_ws/install/turtlebot4_controller:/opt/ros/humble /usr/bin/cmake --build /home/paolo/light_sensor_plugin/build/light_sensor -- -j8 -l8
[0.161s] [35m[1mConsolidate compiler generated dependencies of target LightSensor[0m
[0.196s] [ 50%] [32mBuilding CXX object CMakeFiles/LightSensor.dir/src/LightSensor.cc.o[0m
[6.786s] [01m[K/home/paolo/light_sensor_plugin/src/light_sensor_custom/src/LightSensor.cc:[m[K In member function â€˜[01m[Kvirtual void custom_light_sensor::LightSensor::Configure(const Entity&, const std::shared_ptr<const sdf::v12::Element>&, ignition::gazebo::v6::EntityComponentManager&, ignition::gazebo::v6::EventManager&)[m[Kâ€™:
[6.786s] [01m[K/home/paolo/light_sensor_plugin/src/light_sensor_custom/src/LightSensor.cc:46:30:[m[K [01;31m[Kerror: [m[Kno matching function for call to â€˜[01m[Ksdf::v12::Element::Get(const char [6])[m[Kâ€™
[6.786s]    46 |                 [01;31m[KsdfLight->Get("light")[m[K.first;
[6.786s]       |                 [01;31m[K~~~~~~~~~~~~~^~~~~~~~~[m[K
[6.786s] In file included from [01m[K/usr/include/ignition/sdformat12/sdf/Actor.hh:26[m[K,
[6.786s]                  from [01m[K/usr/include/ignition/gazebo6/gz/sim/components/Actor.hh:26[m[K,
[6.787s]                  from [01m[K/usr/include/ignition/gazebo6/gz/sim/components.hh:21[m[K,
[6.787s]                  from [01m[K/usr/include/ignition/gazebo6/ignition/gazebo/components.hh:18[m[K,
[6.787s]                  from [01m[K/home/paolo/light_sensor_plugin/src/light_sensor_custom/src/LightSensor.cc:2[m[K:
[6.787s] [01m[K/usr/include/ignition/sdformat12/sdf/Element.hh:319:15:[m[K [01;36m[Knote: [m[Kcandidate: â€˜[01m[Ktemplate<class T> T sdf::v12::Element::Get(const string&) const[m[Kâ€™
[6.787s]   319 |             T [01;36m[KGet[m[K(const std::string &_key = "") const;
[6.787s]       |               [01;36m[K^~~[m[K
[6.787s] [01m[K/usr/include/ignition/sdformat12/sdf/Element.hh:319:15:[m[K [01;36m[Knote: [m[K  template argument deduction/substitution failed:
[6.787s] [01m[K/home/paolo/light_sensor_plugin/src/light_sensor_custom/src/LightSensor.cc:46:30:[m[K [01;36m[Knote: [m[K  couldnâ€™t deduce template parameter â€˜[01m[KT[m[Kâ€™
[6.787s]    46 |                 [01;36m[KsdfLight->Get("light")[m[K.first;
[6.787s]       |                 [01;36m[K~~~~~~~~~~~~~^~~~~~~~~[m[K
[6.787s] In file included from [01m[K/usr/include/ignition/sdformat12/sdf/Actor.hh:26[m[K,
[6.787s]                  from [01m[K/usr/include/ignition/gazebo6/gz/sim/components/Actor.hh:26[m[K,
[6.787s]                  from [01m[K/usr/include/ignition/gazebo6/gz/sim/components.hh:21[m[K,
[6.787s]                  from [01m[K/usr/include/ignition/gazebo6/ignition/gazebo/components.hh:18[m[K,
[6.787s]                  from [01m[K/home/paolo/light_sensor_plugin/src/light_sensor_custom/src/LightSensor.cc:2[m[K:
[6.787s] [01m[K/usr/include/ignition/sdformat12/sdf/Element.hh:722:22:[m[K [01;36m[Knote: [m[Kcandidate: â€˜[01m[Ktemplate<class T> std::pair<T, bool> sdf::v12::Element::Get(const string&, const T&) const[m[Kâ€™
[6.787s]   722 |   std::pair<T, bool> [01;36m[KElement[m[K::Get(const std::string &_key,
[6.787s]       |                      [01;36m[K^~~~~~~[m[K
[6.788s] [01m[K/usr/include/ignition/sdformat12/sdf/Element.hh:722:22:[m[K [01;36m[Knote: [m[K  template argument deduction/substitution failed:
[6.788s] [01m[K/home/paolo/light_sensor_plugin/src/light_sensor_custom/src/LightSensor.cc:46:30:[m[K [01;36m[Knote: [m[K  candidate expects 2 arguments, 1 provided
[6.788s]    46 |                 [01;36m[KsdfLight->Get("light")[m[K.first;
[6.788s]       |                 [01;36m[K~~~~~~~~~~~~~^~~~~~~~~[m[K
[6.788s] In file included from [01m[K/usr/include/ignition/sdformat12/sdf/Actor.hh:26[m[K,
[6.788s]                  from [01m[K/usr/include/ignition/gazebo6/gz/sim/components/Actor.hh:26[m[K,
[6.788s]                  from [01m[K/usr/include/ignition/gazebo6/gz/sim/components.hh:21[m[K,
[6.788s]                  from [01m[K/usr/include/ignition/gazebo6/ignition/gazebo/components.hh:18[m[K,
[6.788s]                  from [01m[K/home/paolo/light_sensor_plugin/src/light_sensor_custom/src/LightSensor.cc:2[m[K:
[6.788s] [01m[K/usr/include/ignition/sdformat12/sdf/Element.hh:338:18:[m[K [01;36m[Knote: [m[Kcandidate: â€˜[01m[Ktemplate<class T> bool sdf::v12::Element::Get(const string&, T&, const T&) const[m[Kâ€™
[6.788s]   338 |             bool [01;36m[KGet[m[K(const std::string &_key,
[6.788s]       |                  [01;36m[K^~~[m[K
[6.788s] [01m[K/usr/include/ignition/sdformat12/sdf/Element.hh:338:18:[m[K [01;36m[Knote: [m[K  template argument deduction/substitution failed:
[6.788s] [01m[K/home/paolo/light_sensor_plugin/src/light_sensor_custom/src/LightSensor.cc:46:30:[m[K [01;36m[Knote: [m[K  candidate expects 3 arguments, 1 provided
[6.788s]    46 |                 [01;36m[KsdfLight->Get("light")[m[K.first;
[6.788s]       |                 [01;36m[K~~~~~~~~~~~~~^~~~~~~~~[m[K
[10.417s] gmake[2]: *** [CMakeFiles/LightSensor.dir/build.make:76: CMakeFiles/LightSensor.dir/src/LightSensor.cc.o] Error 1
[10.417s] gmake[1]: *** [CMakeFiles/Makefile2:137: CMakeFiles/LightSensor.dir/all] Error 2
[10.418s] gmake: *** [Makefile:146: all] Error 2
[10.420s] Invoked command in '/home/paolo/light_sensor_plugin/build/light_sensor' returned '2': CMAKE_PREFIX_PATH=${CMAKE_PREFIX_PATH}:/home/paolo/turtlebot4_controller_ws/install/turtlebot4_controller:/opt/ros/humble /usr/bin/cmake --build /home/paolo/light_sensor_plugin/build/light_sensor -- -j8 -l8
