[0.104s] Invoking command in '/home/paolo/light_sensor_plugin/build/light_sensor': CMAKE_PREFIX_PATH=${CMAKE_PREFIX_PATH}:/home/paolo/turtlebot4_controller_ws/install/turtlebot4_controller:/opt/ros/humble /usr/bin/cmake --build /home/paolo/light_sensor_plugin/build/light_sensor -- -j8 -l8
[0.157s] [35m[1mConsolidate compiler generated dependencies of target LightSensor[0m
[0.191s] [ 50%] [32mBuilding CXX object CMakeFiles/LightSensor.dir/src/LightSensor.cc.o[0m
[6.975s] [01m[K/home/paolo/light_sensor_plugin/src/light_sensor_custom/src/LightSensor.cc:[m[K In member function â€˜[01m[Kvirtual void custom_light_sensor::LightSensor::Configure(const Entity&, const std::shared_ptr<const sdf::v12::Element>&, ignition::gazebo::v6::EntityComponentManager&, ignition::gazebo::v6::EventManager&)[m[Kâ€™:
[6.975s] [01m[K/home/paolo/light_sensor_plugin/src/light_sensor_custom/src/LightSensor.cc:45:39:[m[K [01;31m[Kerror: [m[Kcannot convert â€˜[01m[Ksdf::v12::Element::GetAttributeCount[m[Kâ€™ from type â€˜[01m[Ksize_t (sdf::v12::Element::)() const[m[Kâ€™ {aka â€˜[01m[Klong unsigned int (sdf::v12::Element::)() const[m[Kâ€™} to type â€˜[01m[Klong unsigned int (sdf::v12::Element::*)() const[m[Kâ€™
[6.975s]    45 |                 auto sdfLight = _sdf->[01;31m[KGetAttributeCount[m[K;
[6.975s]       |                                       [01;31m[K^~~~~~~~~~~~~~~~~[m[K
[6.977s] [01m[K/home/paolo/light_sensor_plugin/src/light_sensor_custom/src/LightSensor.cc:46:51:[m[K [01;31m[Kerror: [m[Kexpected â€˜[01m[K;[m[Kâ€™ before â€˜[01m[Kif[m[Kâ€™
[6.977s]    46 |                 std::cout << sdfLight << std::endl
[6.977s]       |                                                   [01;31m[K^[m[K
[6.977s]       |                                                   [32m[K;[m[K
[6.977s] ......
[6.977s]    50 |                 [32m[Kif[m[K (sdf->HasElement("light")){
[6.977s]       |                 [32m[K~~[m[K                                 
[6.977s] [01m[K/home/paolo/light_sensor_plugin/src/light_sensor_custom/src/LightSensor.cc:52:18:[m[K [01;31m[Kerror: [m[Kâ€˜[01m[Kelse[m[Kâ€™ without a previous â€˜[01m[Kif[m[Kâ€™
[6.977s]    52 |                 }[01;31m[Kelse[m[K{
[6.977s]       |                  [01;31m[K^~~~[m[K
[10.718s] gmake[2]: *** [CMakeFiles/LightSensor.dir/build.make:76: CMakeFiles/LightSensor.dir/src/LightSensor.cc.o] Error 1
[10.718s] gmake[1]: *** [CMakeFiles/Makefile2:137: CMakeFiles/LightSensor.dir/all] Error 2
[10.718s] gmake: *** [Makefile:146: all] Error 2
[10.721s] Invoked command in '/home/paolo/light_sensor_plugin/build/light_sensor' returned '2': CMAKE_PREFIX_PATH=${CMAKE_PREFIX_PATH}:/home/paolo/turtlebot4_controller_ws/install/turtlebot4_controller:/opt/ros/humble /usr/bin/cmake --build /home/paolo/light_sensor_plugin/build/light_sensor -- -j8 -l8
