[01m[K/home/paolo/light_sensor_plugin/src/light_sensor_custom/src/LightSensor.cc:[m[K In member function â€˜[01m[Kvirtual void custom_light_sensor::LightSensor::PostUpdate(const ignition::gazebo::v6::UpdateInfo&, const ignition::gazebo::v6::EntityComponentManager&)[m[Kâ€™:
[01m[K/home/paolo/light_sensor_plugin/src/light_sensor_custom/src/LightSensor.cc:100:61:[m[K [01;31m[Kerror: [m[Kâ€˜[01m[KPose[m[Kâ€™ in namespace â€˜[01m[Kignition::gazebo::v6::components[m[Kâ€™ does not name a type
  100 |                         const ignition::gazebo::components::[01;31m[KPose[m[K *poseComp =
      |                                                             [01;31m[K^~~~[m[K
[01m[K/home/paolo/light_sensor_plugin/src/light_sensor_custom/src/LightSensor.cc:103:61:[m[K [01;31m[Kerror: [m[Kâ€˜[01m[KposeComp[m[Kâ€™ was not declared in this scope
  103 |                         ignition::math::Pose3d entityPose = [01;31m[KposeComp[m[K->Data();
      |                                                             [01;31m[K^~~~~~~~[m[K
[01m[K/home/paolo/light_sensor_plugin/src/light_sensor_custom/src/LightSensor.cc:113:47:[m[K [01;31m[Kerror: [m[Kâ€˜[01m[KPose[m[Kâ€™ is not a member of â€˜[01m[Kignition::gazebo::v6::components[m[Kâ€™; did you mean â€˜[01m[Kignition::msgs::Pose[m[Kâ€™?
  113 |                 ignition::gazebo::components::[01;31m[KPose[m[K,
      |                                               [01;31m[K^~~~[m[K
In file included from [01m[K/usr/include/ignition/msgs8/ignition/msgs/actor.pb.h:37[m[K,
                 from [01m[K/usr/include/ignition/msgs8/ignition/msgs/MessageTypes.hh:31[m[K,
                 from [01m[K/usr/include/ignition/msgs8/ignition/msgs/Utility.hh:34[m[K,
                 from [01m[K/usr/include/ignition/msgs8/ignition/msgs.hh:29[m[K,
                 from [01m[K/home/paolo/light_sensor_plugin/src/light_sensor_custom/src/LightSensor.cc:1[m[K:
[01m[K/usr/include/ignition/msgs8/ignition/msgs/pose.pb.h:86:29:[m[K [01;36m[Knote: [m[Kâ€˜[01m[Kignition::msgs::Pose[m[Kâ€™ declared here
   86 | class IGNITION_MSGS_VISIBLE [01;36m[KPose[m[K PROTOBUF_FINAL :
      |                             [01;36m[K^~~~[m[K
[01m[K/home/paolo/light_sensor_plugin/src/light_sensor_custom/src/LightSensor.cc:117:61:[m[K [01;31m[Kerror: [m[Kâ€˜[01m[KPose[m[Kâ€™ in namespace â€˜[01m[Kignition::gazebo::v6::components[m[Kâ€™ does not name a type
  117 |                         const ignition::gazebo::components::[01;31m[KPose[m[K *_pose,
      |                                                             [01;31m[K^~~~[m[K
[01m[K/home/paolo/light_sensor_plugin/src/light_sensor_custom/src/LightSensor.cc:[m[K In lambda function:
[01m[K/home/paolo/light_sensor_plugin/src/light_sensor_custom/src/LightSensor.cc:140:27:[m[K [01;31m[Kerror: [m[Kexpected â€˜[01m[K{[m[Kâ€™ before â€˜[01m[K;[m[Kâ€™ token
  140 |                         })[01;31m[K;[m[K
      |                           [01;31m[K^[m[K
[01m[K/home/paolo/light_sensor_plugin/src/light_sensor_custom/src/LightSensor.cc:[m[K In member function â€˜[01m[Kvirtual void custom_light_sensor::LightSensor::PostUpdate(const ignition::gazebo::v6::UpdateInfo&, const ignition::gazebo::v6::EntityComponentManager&)[m[Kâ€™:
[01m[K/home/paolo/light_sensor_plugin/src/light_sensor_custom/src/LightSensor.cc:140:27:[m[K [01;31m[Kerror: [m[Kexpected â€˜[01m[K)[m[Kâ€™ before â€˜[01m[K;[m[Kâ€™ token
  140 |                         })[01;31m[K;[m[K
      |                           [01;31m[K^[m[K
      |                           [32m[K)[m[K
[01m[K/home/paolo/light_sensor_plugin/src/light_sensor_custom/src/LightSensor.cc:114:60:[m[K [01;36m[Knote: [m[Kto match this â€˜[01m[K([m[Kâ€™
  114 |                 ignition::gazebo::components::ParentEntity>[01;36m[K([m[K
      |                                                            [01;36m[K^[m[K
gmake[2]: *** [CMakeFiles/LightSensor.dir/build.make:76: CMakeFiles/LightSensor.dir/src/LightSensor.cc.o] Error 1
gmake[1]: *** [CMakeFiles/Makefile2:137: CMakeFiles/LightSensor.dir/all] Error 2
gmake: *** [Makefile:146: all] Error 2
