[35m[1mConsolidate compiler generated dependencies of target LightSensor[0m
[ 50%] [32mBuilding CXX object CMakeFiles/LightSensor.dir/src/LightSensor.cc.o[0m
[01m[K/home/paolo/light_sensor_plugin/src/light_sensor_custom/src/LightSensor.cc:[m[K In member function â€˜[01m[Kvirtual void custom_light_sensor::LightSensor::Configure(const Entity&, const std::shared_ptr<const sdf::v12::Element>&, ignition::gazebo::v6::EntityComponentManager&, ignition::gazebo::v6::EventManager&)[m[Kâ€™:
[01m[K/home/paolo/light_sensor_plugin/src/light_sensor_custom/src/LightSensor.cc:35:38:[m[K [01;31m[Kerror: [m[Kno matching function for call to â€˜[01m[Ksdf::v12::Element::PrintDescription()[m[Kâ€™
   35 |                 [01;31m[Ksdf->PrintDescription()[m[K;
      |                 [01;31m[K~~~~~~~~~~~~~~~~~~~~~^~[m[K
In file included from [01m[K/usr/include/ignition/sdformat12/sdf/Model.hh:26[m[K,
                 from [01m[K/usr/include/ignition/gazebo6/gz/sim/components/Model.hh:22[m[K,
                 from [01m[K/usr/include/ignition/gazebo6/ignition/gazebo/components/Model.hh:18[m[K,
                 from [01m[K/home/paolo/light_sensor_plugin/src/light_sensor_custom/src/LightSensor.cc:4[m[K:
[01m[K/usr/include/ignition/sdformat12/sdf/Element.hh:152:18:[m[K [01;36m[Knote: [m[Kcandidate: â€˜[01m[Kvoid sdf::v12::Element::PrintDescription(const string&) const[m[Kâ€™
  152 |     public: void [01;36m[KPrintDescription[m[K(const std::string &_prefix) const;
      |                  [01;36m[K^~~~~~~~~~~~~~~~[m[K
[01m[K/usr/include/ignition/sdformat12/sdf/Element.hh:152:18:[m[K [01;36m[Knote: [m[K  candidate expects 1 argument, 0 provided
gmake[2]: *** [CMakeFiles/LightSensor.dir/build.make:76: CMakeFiles/LightSensor.dir/src/LightSensor.cc.o] Error 1
gmake[1]: *** [CMakeFiles/Makefile2:137: CMakeFiles/LightSensor.dir/all] Error 2
gmake: *** [Makefile:146: all] Error 2
