[0.110s] Invoking command in '/home/paolo/light_sensor_plugin/build/light_sensor': CMAKE_PREFIX_PATH=${CMAKE_PREFIX_PATH}:/home/paolo/turtlebot4_controller_ws/install/turtlebot4_controller:/opt/ros/humble /usr/bin/cmake --build /home/paolo/light_sensor_plugin/build/light_sensor -- -j8 -l8
[0.157s] [35m[1mConsolidate compiler generated dependencies of target LightSensor[0m
[0.179s] [ 50%] [32mBuilding CXX object CMakeFiles/LightSensor.dir/src/LightSensor.cc.o[0m
[3.748s] [01m[K/home/paolo/light_sensor_plugin/src/light_sensor_custom/src/LightSensor.cc:[m[K In member function â€˜[01m[Kvirtual void custom_light_sensor::LightSensor::Configure(const Entity&, const std::shared_ptr<const sdf::v12::Element>&, ignition::gazebo::v6::EntityComponentManager&, ignition::gazebo::v6::EventManager&)[m[Kâ€™:
[3.748s] [01m[K/home/paolo/light_sensor_plugin/src/light_sensor_custom/src/LightSensor.cc:38:24:[m[K [01;31m[Kerror: [m[Kinvalid operands of types â€˜[01m[KFILE*[m[Kâ€™ and â€˜[01m[Kconst char [5][m[Kâ€™ to binary â€˜[01m[Koperator<<[m[Kâ€™
[3.748s]    38 |                 stdout [01;31m[K<<[m[K [32m[K"ciao"[m[K << std::endl;
[3.748s]       |                        [01;31m[K^~[m[K [32m[K~~~~~~[m[K
[3.748s]       |                           [32m[K|[m[K
[3.748s]       |                           [32m[Kconst char [5][m[K
[5.004s] gmake[2]: *** [CMakeFiles/LightSensor.dir/build.make:76: CMakeFiles/LightSensor.dir/src/LightSensor.cc.o] Error 1
[5.005s] gmake[1]: *** [CMakeFiles/Makefile2:137: CMakeFiles/LightSensor.dir/all] Error 2
[5.005s] gmake: *** [Makefile:146: all] Error 2
[5.008s] Invoked command in '/home/paolo/light_sensor_plugin/build/light_sensor' returned '2': CMAKE_PREFIX_PATH=${CMAKE_PREFIX_PATH}:/home/paolo/turtlebot4_controller_ws/install/turtlebot4_controller:/opt/ros/humble /usr/bin/cmake --build /home/paolo/light_sensor_plugin/build/light_sensor -- -j8 -l8
