[ 50%] [32mBuilding CXX object CMakeFiles/LightSensor.dir/src/LightSensor.cc.o[0m
[01m[K/home/paolo/light_sensor_plugin/src/light_sensor_custom/src/LightSensor.cc:35:49:[m[K [01;31m[Kerror: [m[Ktemplate argument 1 is invalid
   35 |         const std::shared_ptr<const sdf::Light &[01;31m[K_sdfLight[m[K)
      |                                                 [01;31m[K^~~~~~~~~[m[K
[01m[K/home/paolo/light_sensor_plugin/src/light_sensor_custom/src/LightSensor.cc:35:49:[m[K [01;31m[Kerror: [m[Ktemplate argument 1 is invalid
[01m[K/home/paolo/light_sensor_plugin/src/light_sensor_custom/src/LightSensor.cc:35:49:[m[K [01;31m[Kerror: [m[Ktemplate argument 1 is invalid
[01m[K/home/paolo/light_sensor_plugin/src/light_sensor_custom/src/LightSensor.cc:35:15:[m[K [01;31m[Kerror: [m[Kinvalid template-id
   35 |         const [01;31m[Kstd[m[K::shared_ptr<const sdf::Light &_sdfLight)
      |               [01;31m[K^~~[m[K
[01m[K/home/paolo/light_sensor_plugin/src/light_sensor_custom/src/LightSensor.cc:35:31:[m[K [01;31m[Kerror: [m[Kexpected primary-expression before â€˜[01m[Kconst[m[Kâ€™
   35 |         const std::shared_ptr<[01;31m[Kconst[m[K sdf::Light &_sdfLight)
      |                               [01;31m[K^~~~~[m[K
[01m[K/home/paolo/light_sensor_plugin/src/light_sensor_custom/src/LightSensor.cc:35:31:[m[K [01;31m[Kerror: [m[Kexpected â€˜[01m[K>[m[Kâ€™ before â€˜[01m[Kconst[m[Kâ€™
[01m[K/home/paolo/light_sensor_plugin/src/light_sensor_custom/src/LightSensor.cc:35:9:[m[K [01;31m[Kerror: [m[Kclass template placeholder â€˜[01m[Kstd::shared_ptr[m[Kâ€™ not permitted in this context
   35 |         [01;31m[Kconst[m[K std::shared_ptr<const sdf::Light &_sdfLight)
      |         [01;31m[K^~~~~[m[K
[01m[K/home/paolo/light_sensor_plugin/src/light_sensor_custom/src/LightSensor.cc:31:6:[m[K [01;31m[Kerror: [m[Kno declaration matches â€˜[01m[Kvoid custom_light_sensor::LightSensor::Configure(...)[m[Kâ€™
   31 | void [01;31m[KLightSensor[m[K::Configure(const ignition::gazebo::Entity &_entity,
      |      [01;31m[K^~~~~~~~~~~[m[K
In file included from [01m[K/home/paolo/light_sensor_plugin/src/light_sensor_custom/src/LightSensor.cc:22[m[K:
[01m[K/home/paolo/light_sensor_plugin/src/light_sensor_custom/src/LightSensor.hh:26:22:[m[K [01;36m[Knote: [m[Kcandidate is: â€˜[01m[Kvirtual void custom_light_sensor::LightSensor::Configure(const Entity&, const std::shared_ptr<const sdf::v12::Element>&, ignition::gazebo::v6::EntityComponentManager&, ignition::gazebo::v6::EventManager&)[m[Kâ€™
   26 |         public: void [01;36m[KConfigure[m[K(
      |                      [01;36m[K^~~~~~~~~[m[K
[01m[K/home/paolo/light_sensor_plugin/src/light_sensor_custom/src/LightSensor.hh:13:11:[m[K [01;36m[Knote: [m[Kâ€˜[01m[Kclass custom_light_sensor::LightSensor[m[Kâ€™ defined here
   13 |     class [01;36m[KLightSensor[m[K:
      |           [01;36m[K^~~~~~~~~~~[m[K
gmake[2]: *** [CMakeFiles/LightSensor.dir/build.make:76: CMakeFiles/LightSensor.dir/src/LightSensor.cc.o] Error 1
gmake[1]: *** [CMakeFiles/Makefile2:137: CMakeFiles/LightSensor.dir/all] Error 2
gmake: *** [Makefile:146: all] Error 2
