[35m[1mConsolidate compiler generated dependencies of target LightSensor[0m
[ 50%] [32mBuilding CXX object CMakeFiles/LightSensor.dir/src/LightSensor.cc.o[0m
[01m[K/home/paolo/light_sensor_plugin/src/light_sensor_custom/src/LightSensor.cc:[m[K In lambda function:
[01m[K/home/paolo/light_sensor_plugin/src/light_sensor_custom/src/LightSensor.cc:48:70:[m[K [01;31m[Kerror: [m[Kconversion from â€˜[01m[Kconst sdf::v12::Light[m[Kâ€™ to non-scalar type â€˜[01m[Kignition::gazebo::v6::Light[m[Kâ€™ requested
   48 |                         ignition::gazebo::Light light=   [01;31m[K_light->Data()[m[K;
      |                                                          [01;31m[K~~~~~~~~~~~~^~[m[K
gmake[2]: *** [CMakeFiles/LightSensor.dir/build.make:76: CMakeFiles/LightSensor.dir/src/LightSensor.cc.o] Error 1
gmake[1]: *** [CMakeFiles/Makefile2:137: CMakeFiles/LightSensor.dir/all] Error 2
gmake: *** [Makefile:146: all] Error 2
