[0.104s] Invoking command in '/home/paolo/light_sensor_plugin/build/light_sensor': CMAKE_PREFIX_PATH=${CMAKE_PREFIX_PATH}:/home/paolo/turtlebot4_controller_ws/install/turtlebot4_controller:/opt/ros/humble /usr/bin/cmake --build /home/paolo/light_sensor_plugin/build/light_sensor -- -j8 -l8
[0.153s] [35m[1mConsolidate compiler generated dependencies of target LightSensor[0m
[0.183s] [ 50%] [32mBuilding CXX object CMakeFiles/LightSensor.dir/src/LightSensor.cc.o[0m
[6.715s] [01m[K/home/paolo/light_sensor_plugin/src/light_sensor_custom/src/LightSensor.cc:[m[K In member function â€˜[01m[Kvirtual void custom_light_sensor::LightSensor::Configure(const Entity&, const std::shared_ptr<const sdf::v12::Element>&, ignition::gazebo::v6::EntityComponentManager&, ignition::gazebo::v6::EventManager&)[m[Kâ€™:
[6.715s] [01m[K/home/paolo/light_sensor_plugin/src/light_sensor_custom/src/LightSensor.cc:51:47:[m[K [01;31m[Kerror: [m[Kexpected primary-expression before â€˜[01m[K->[m[Kâ€™ token
[6.715s]    51 |                 sdf::ElementPtr scanElem = sdf[01;31m[K->[m[KGetElement("scan");
[6.715s]       |                                               [01;31m[K^~[m[K
[9.167s] gmake[2]: *** [CMakeFiles/LightSensor.dir/build.make:76: CMakeFiles/LightSensor.dir/src/LightSensor.cc.o] Interrupt
[9.167s] gmake[1]: *** [CMakeFiles/Makefile2:137: CMakeFiles/LightSensor.dir/all] Interrupt
[9.168s] gmake: *** [Makefile:146: all] Interrupt
[9.228s] Invoked command in '/home/paolo/light_sensor_plugin/build/light_sensor' returned '-2': CMAKE_PREFIX_PATH=${CMAKE_PREFIX_PATH}:/home/paolo/turtlebot4_controller_ws/install/turtlebot4_controller:/opt/ros/humble /usr/bin/cmake --build /home/paolo/light_sensor_plugin/build/light_sensor -- -j8 -l8
