[0.104s] Invoking command in '/home/paolo/light_sensor_plugin/build/light_sensor': CMAKE_PREFIX_PATH=${CMAKE_PREFIX_PATH}:/home/paolo/turtlebot4_controller_ws/install/turtlebot4_controller:/opt/ros/humble /usr/bin/cmake --build /home/paolo/light_sensor_plugin/build/light_sensor -- -j8 -l8
[0.155s] [35m[1mConsolidate compiler generated dependencies of target LightSensor[0m
[0.189s] [ 50%] [32mBuilding CXX object CMakeFiles/LightSensor.dir/src/LightSensor.cc.o[0m
[6.766s] [01m[K/home/paolo/light_sensor_plugin/src/light_sensor_custom/src/LightSensor.cc:[m[K In member function â€˜[01m[Kvirtual void custom_light_sensor::LightSensor::Configure(const Entity&, const std::shared_ptr<const sdf::v12::Element>&, ignition::gazebo::v6::EntityComponentManager&, ignition::gazebo::v6::EventManager&)[m[Kâ€™:
[6.766s] [01m[K/home/paolo/light_sensor_plugin/src/light_sensor_custom/src/LightSensor.cc:38:33:[m[K [01;31m[Kerror: [m[Klambda-expression in template-argument only available with â€˜[01m[K-std=c++20[m[Kâ€™ or â€˜[01m[K-std=gnu++20[m[Kâ€™
[6.766s]    38 |                                 [01;31m[K[[m[K&](const ignition::gazebo::Entity &_entity,
[6.766s]       |                                 [01;31m[K^[m[K
[6.766s] [01m[K/home/paolo/light_sensor_plugin/src/light_sensor_custom/src/LightSensor.cc:36:22:[m[K [01;31m[Kerror: [m[Kparse error in template argument list
[6.766s]    36 |                 _ecm.[01;31m[KEach<//ignition::gazebo::components::Light,[m[K
[6.766s]       |                      [01;31m[K^~~~~~~~~~~~~~~~~~~~~~~~~~~~~~~~~~~~~~~~~~~[m[K
[6.767s]    37 | [01;31m[K                                ignition::gazebo::components::Pose([m[K
[6.767s]       |                                 [01;31m[K~~~~~~~~~~~~~~~~~~~~~~~~~~~~~~~~~~~[m[K
[6.767s]    38 | [01;31m[K                                [&](const ignition::gazebo::Entity &_entity,[m[K
[6.767s]       |                                 [01;31m[K~~~~~~~~~~~~~~~~~~~~~~~~~~~~~~~~~~~~~~~~~~~~[m[K
[6.767s]    39 | [01;31m[K                                const ignition::gazebo::components::Pose *_pose) -> bool[m[K
[6.767s]       |                                 [01;31m[K~~~~~~~~~~~~~~~~~~~~~~~~~~~~~~~~~~~~~~~~~~~~~~~~~~~~~~~~[m[K
[6.767s]    40 | [01;31m[K                {[m[K
[6.767s]       |                 [01;31m[K~[m[K     
[6.767s]    41 | 
[6.767s]       |                       
[6.767s]    42 | 
[6.768s]       |                       
[6.768s]    43 | [01;31m[K                        ignition::math::Pose3d light_pose = _pose->Data();[m[K
[6.768s]       |                         [01;31m[K~~~~~~~~~~~~~~~~~~~~~~~~~~~~~~~~~~~~~~~~~~~~~~~~~~[m[K
[6.768s]    44 | [01;31m[K                        lightPoses.push_back(light_pose);[m[K
[6.768s]       |                         [01;31m[K~~~~~~~~~~~~~~~~~~~~~~~~~~~~~~~~~[m[K
[6.768s]    45 | 
[6.768s]       |                       
[6.768s]    46 | [01;31m[K                        std:: cout << lightPoses.size() << std::endl;[m[K
[6.768s]       |                         [01;31m[K~~~~~~~~~~~~~~~~~~~~~~~~~~~~~~~~~~~~~~~~~~~~~[m[K
[6.768s]    47 | 
[6.768s]       |                       
[6.769s]    48 | [01;31m[K                        return true;[m[K
[6.769s]       |                         [01;31m[K~~~~~~~~~~~~[m[K
[6.769s]    49 | 
[6.769s]       |                       
[6.769s]    50 | [01;31m[K                })[m[K;
[6.769s]       |                 [01;31m[K~~[m[K    
[6.769s] [01m[K/home/paolo/light_sensor_plugin/src/light_sensor_custom/src/LightSensor.cc:36:22:[m[K [01;31m[Kerror: [m[Kstatement cannot resolve address of overloaded function
[6.769s]    36 |                 [01;31m[K_ecm.Each<//ignition::gazebo::components::Light,[m[K
[6.769s]       |                 [01;31m[K~~~~~^~~~~~~~~~~~~~~~~~~~~~~~~~~~~~~~~~~~~~~~~~~[m[K
[6.769s]    37 | [01;31m[K                                ignition::gazebo::components::Pose([m[K
[6.769s]       |                                 [01;31m[K~~~~~~~~~~~~~~~~~~~~~~~~~~~~~~~~~~~[m[K
[6.770s]    38 | [01;31m[K                                [&](const ignition::gazebo::Entity &_entity,[m[K
[6.770s]       |                                 [01;31m[K~~~~~~~~~~~~~~~~~~~~~~~~~~~~~~~~~~~~~~~~~~~~[m[K
[6.770s]    39 | [01;31m[K                                const ignition::gazebo::components::Pose *_pose) -> bool[m[K
[6.770s]       |                                 [01;31m[K~~~~~~~~~~~~~~~~~~~~~~~~~~~~~~~~~~~~~~~~~~~~~~~~~~~~~~~~[m[K
[6.770s]    40 | [01;31m[K                {[m[K
[6.770s]       |                 [01;31m[K~[m[K     
[6.770s]    41 | 
[6.770s]       |                       
[6.770s]    42 | 
[6.770s]       |                       
[6.770s]    43 | [01;31m[K                        ignition::math::Pose3d light_pose = _pose->Data();[m[K
[6.771s]       |                         [01;31m[K~~~~~~~~~~~~~~~~~~~~~~~~~~~~~~~~~~~~~~~~~~~~~~~~~~[m[K
[6.771s]    44 | [01;31m[K                        lightPoses.push_back(light_pose);[m[K
[6.771s]       |                         [01;31m[K~~~~~~~~~~~~~~~~~~~~~~~~~~~~~~~~~[m[K
[6.771s]    45 | 
[6.771s]       |                       
[6.771s]    46 | [01;31m[K                        std:: cout << lightPoses.size() << std::endl;[m[K
[6.771s]       |                         [01;31m[K~~~~~~~~~~~~~~~~~~~~~~~~~~~~~~~~~~~~~~~~~~~~~[m[K
[6.771s]    47 | 
[6.771s]       |                       
[6.771s]    48 | [01;31m[K                        return true;[m[K
[6.772s]       |                         [01;31m[K~~~~~~~~~~~~[m[K
[6.772s]    49 | 
[6.772s]       |                       
[6.772s]    50 | [01;31m[K                })[m[K;
[6.772s]       |                 [01;31m[K~~[m[K    
[10.148s] gmake[2]: *** [CMakeFiles/LightSensor.dir/build.make:76: CMakeFiles/LightSensor.dir/src/LightSensor.cc.o] Error 1
[10.148s] gmake[1]: *** [CMakeFiles/Makefile2:137: CMakeFiles/LightSensor.dir/all] Error 2
[10.148s] gmake: *** [Makefile:146: all] Error 2
[10.151s] Invoked command in '/home/paolo/light_sensor_plugin/build/light_sensor' returned '2': CMAKE_PREFIX_PATH=${CMAKE_PREFIX_PATH}:/home/paolo/turtlebot4_controller_ws/install/turtlebot4_controller:/opt/ros/humble /usr/bin/cmake --build /home/paolo/light_sensor_plugin/build/light_sensor -- -j8 -l8
