[0.112s] Invoking command in '/home/paolo/light_sensor_plugin/build/light_sensor': CMAKE_PREFIX_PATH=${CMAKE_PREFIX_PATH}:/home/paolo/turtlebot4_controller_ws/install/turtlebot4_controller:/opt/ros/humble /usr/bin/cmake --build /home/paolo/light_sensor_plugin/build/light_sensor -- -j8 -l8
[0.164s] [35m[1mConsolidate compiler generated dependencies of target LightSensor[0m
[0.202s] [ 50%] [32mBuilding CXX object CMakeFiles/LightSensor.dir/src/LightSensor.cc.o[0m
[1.217s] [01m[K/home/paolo/light_sensor_plugin/src/light_sensor_custom/src/LightSensor.cc:24:39:[m[K [01;31m[Kerror: [m[Kmissing terminating > character
[1.217s]    24 | #include <ignition/gazebo/components/A
[1.218s]       |                                       [01;31m[K^[m[K
[1.218s] [01m[K/home/paolo/light_sensor_plugin/src/light_sensor_custom/src/LightSensor.cc:24:10:[m[K [01;31m[Kfatal error: [m[Kignition/gazebo/components/A: No such file or directory
[1.218s]    24 | #include [01;31m[K<[m[Kignition/gazebo/components/A
[1.218s]       |          [01;31m[K^[m[K
[1.218s] compilation terminated.
[1.234s] gmake[2]: *** [CMakeFiles/LightSensor.dir/build.make:76: CMakeFiles/LightSensor.dir/src/LightSensor.cc.o] Error 1
[1.234s] gmake[1]: *** [CMakeFiles/Makefile2:137: CMakeFiles/LightSensor.dir/all] Error 2
[1.235s] gmake: *** [Makefile:146: all] Error 2
[1.237s] Invoked command in '/home/paolo/light_sensor_plugin/build/light_sensor' returned '2': CMAKE_PREFIX_PATH=${CMAKE_PREFIX_PATH}:/home/paolo/turtlebot4_controller_ws/install/turtlebot4_controller:/opt/ros/humble /usr/bin/cmake --build /home/paolo/light_sensor_plugin/build/light_sensor -- -j8 -l8
