[0.110s] Invoking command in '/home/paolo/light_sensor_plugin/build/light_sensor': CMAKE_PREFIX_PATH=${CMAKE_PREFIX_PATH}:/home/paolo/turtlebot4_controller_ws/install/turtlebot4_controller:/opt/ros/humble /usr/bin/cmake --build /home/paolo/light_sensor_plugin/build/light_sensor -- -j8 -l8
[0.189s] [35m[1mConsolidate compiler generated dependencies of target LightSensor[0m
[0.212s] [ 50%] [32mBuilding CXX object CMakeFiles/LightSensor.dir/src/LightSensor.cc.o[0m
[4.425s] [01m[K/home/paolo/light_sensor_plugin/src/light_sensor_custom/src/LightSensor.cc:[m[K In member function â€˜[01m[Kvirtual void custom_light_sensor::LightSensor::Configure(const Entity&, const std::shared_ptr<const sdf::v12::Element>&, ignition::gazebo::v6::EntityComponentManager&, ignition::gazebo::v6::EventManager&)[m[Kâ€™:
[4.425s] [01m[K/home/paolo/light_sensor_plugin/src/light_sensor_custom/src/LightSensor.cc:71:84:[m[K [01;31m[Kerror: [m[Kcannot convert â€˜[01m[Kignition::gazebo::v6::components::Component<std::add_lvalue_reference<void>, ignition::gazebo::v6::components::LinkTag>*[m[Kâ€™ to â€˜[01m[Kignition::gazebo::v6::components::Component<long unsigned int, ignition::gazebo::v6::components::ParentEntityTag>*[m[Kâ€™ in assignment
[4.425s]    71 |                         parent = [01;31m[K_ecm.Component<ignition::gazebo::components::Link>([m[K
[4.425s]       |                                  [01;31m[K~~~~~~~~~~~~~~~~~~~~~~~~~~~~~~~~~~~~~~~~~~~~~~~~~~^[m[K
[4.425s]       |                                                                                    [01;31m[K|[m[K
[4.425s]       |                                                                                    [01;31m[Kignition::gazebo::v6::components::Component<std::add_lvalue_reference<void>, ignition::gazebo::v6::components::LinkTag>*[m[K
[4.425s]    72 | [01;31m[K                                parent->Data())[m[K;
[4.425s]       |                                 [01;31m[K~~~~~~~~~~~~~~~[m[K                                     
[8.169s] gmake[2]: *** [CMakeFiles/LightSensor.dir/build.make:76: CMakeFiles/LightSensor.dir/src/LightSensor.cc.o] Error 1
[8.170s] gmake[1]: *** [CMakeFiles/Makefile2:137: CMakeFiles/LightSensor.dir/all] Error 2
[8.170s] gmake: *** [Makefile:146: all] Error 2
[8.173s] Invoked command in '/home/paolo/light_sensor_plugin/build/light_sensor' returned '2': CMAKE_PREFIX_PATH=${CMAKE_PREFIX_PATH}:/home/paolo/turtlebot4_controller_ws/install/turtlebot4_controller:/opt/ros/humble /usr/bin/cmake --build /home/paolo/light_sensor_plugin/build/light_sensor -- -j8 -l8
